<?xml version="1.0" encoding="UTF-8"?>
<!-- Generated by org.testng.reporters.JUnitXMLReporter -->
<testsuite hostname="LAPTOP-L8I8BNQC" name="Login Test" tests="3" failures="0" timestamp="22 Jul 2022 06:36:14 GMT" time="43.516" errors="0">
  <testcase name="addingFirstToDoList" time="4.194" classname="com.automation.test.ToDoListTest"/>
  <testcase name="addingMultiToDoList" time="5.22" classname="com.automation.test.ToDoListTest"/>
  <testcase name="verifyLinks" time="4.613" classname="com.automation.test.ToDoListTest"/>
</testsuite> <!-- Login Test -->
