<?xml version="1.0" encoding="UTF-8"?>
<!-- Generated by org.testng.reporters.JUnitXMLReporter -->
<testsuite hostname="LAPTOP-L8I8BNQC" name="ToDOLIST" tests="11" failures="0" timestamp="23 Jul 2022 13:02:31 GMT" time="246.782" errors="0">
  <testcase name="addingFirstToDoList" time="8.054" classname="com.automation.test.ToDoListTest"/>
  <testcase name="addingMultiToDoList" time="19.047" classname="com.automation.test.ToDoListTest"/>
  <testcase name="verifyClearCompleteToDoList" time="16.15" classname="com.automation.test.ToDoListTest"/>
  <testcase name="verifyClearCrossMarkToDoList" time="13.963" classname="com.automation.test.ToDoListTest"/>
  <testcase name="verifyCompletedToDoList" time="3.951" classname="com.automation.test.ToDoListTest"/>
  <testcase name="verifyCompletionChanges" time="14.1" classname="com.automation.test.ToDoListTest"/>
  <testcase name="verifyCompletionCount" time="7.022" classname="com.automation.test.ToDoListTest"/>
  <testcase name="verifyEditFunction" time="4.618" classname="com.automation.test.ToDoListTest"/>
  <testcase name="verifyLinks" time="4.193" classname="com.automation.test.ToDoListTest"/>
  <testcase name="verifyMultiClearCompleteToDoList" time="14.331" classname="com.automation.test.ToDoListTest"/>
  <testcase name="verifyMultiCompletedToDoList" time="4.111" classname="com.automation.test.ToDoListTest"/>
</testsuite> <!-- ToDOLIST -->
