<?xml version="1.0" encoding="UTF-8"?>
<!-- Generated by org.testng.reporters.JUnitXMLReporter -->
<testsuite hostname="LAPTOP-L8I8BNQC" name="Default test" tests="8" failures="0" timestamp="22 Jul 2022 13:05:09 GMT" time="0.053" errors="0">
  <testcase name="@BeforeSuite initiatePrerequiste" time="0.0" classname="com.automation.test.ToDoListTest">
    <failure type="java.lang.NullPointerException">
      <![CDATA[java.lang.NullPointerException
	at com.automation.base.CommonTestBase.initiatePrerequiste(CommonTestBase.java:55)
	at sun.reflect.NativeMethodAccessorImpl.invoke0(Native Method)
	at sun.reflect.NativeMethodAccessorImpl.invoke(Unknown Source)
	at sun.reflect.DelegatingMethodAccessorImpl.invoke(Unknown Source)
	at java.lang.reflect.Method.invoke(Unknown Source)
	at org.testng.internal.MethodInvocationHelper.invokeMethod(MethodInvocationHelper.java:85)
	at org.testng.internal.Invoker.invokeConfigurationMethod(Invoker.java:552)
	at org.testng.internal.Invoker.invokeConfigurations(Invoker.java:215)
	at org.testng.internal.Invoker.invokeConfigurations(Invoker.java:140)
	at org.testng.SuiteRunner.privateRun(SuiteRunner.java:291)
	at org.testng.SuiteRunner.run(SuiteRunner.java:254)
	at org.testng.SuiteRunnerWorker.runSuite(SuiteRunnerWorker.java:52)
	at org.testng.SuiteRunnerWorker.run(SuiteRunnerWorker.java:86)
	at org.testng.TestNG.runSuitesSequentially(TestNG.java:1224)
	at org.testng.TestNG.runSuitesLocally(TestNG.java:1149)
	at org.testng.TestNG.run(TestNG.java:1057)
	at org.testng.remote.AbstractRemoteTestNG.run(AbstractRemoteTestNG.java:115)
	at org.testng.remote.RemoteTestNG.initAndRun(RemoteTestNG.java:251)
	at org.testng.remote.RemoteTestNG.main(RemoteTestNG.java:77)
]]>
    </failure>
  </testcase> <!-- @BeforeSuite initiatePrerequiste -->
  <testcase name="@BeforeMethod initializeDriver" time="0.0" classname="com.automation.test.ToDoListTest">
    <skipped/>
  </testcase> <!-- @BeforeMethod initializeDriver -->
  <testcase name="@AfterMethod methodEnd" time="0.0" classname="com.automation.test.ToDoListTest">
    <skipped/>
  </testcase> <!-- @AfterMethod methodEnd -->
  <testcase name="@BeforeMethod initializeDriver" time="0.0" classname="com.automation.test.ToDoListTest">
    <skipped/>
  </testcase> <!-- @BeforeMethod initializeDriver -->
  <testcase name="@AfterMethod methodEnd" time="0.0" classname="com.automation.test.ToDoListTest">
    <skipped/>
  </testcase> <!-- @AfterMethod methodEnd -->
  <testcase name="@BeforeMethod initializeDriver" time="0.0" classname="com.automation.test.ToDoListTest">
    <skipped/>
  </testcase> <!-- @BeforeMethod initializeDriver -->
  <testcase name="@AfterMethod methodEnd" time="0.0" classname="com.automation.test.ToDoListTest">
    <skipped/>
  </testcase> <!-- @AfterMethod methodEnd -->
  <testcase name="@BeforeMethod initializeDriver" time="0.0" classname="com.automation.test.ToDoListTest">
    <skipped/>
  </testcase> <!-- @BeforeMethod initializeDriver -->
  <testcase name="@AfterMethod methodEnd" time="0.0" classname="com.automation.test.ToDoListTest">
    <skipped/>
  </testcase> <!-- @AfterMethod methodEnd -->
  <testcase name="@BeforeMethod initializeDriver" time="0.0" classname="com.automation.test.ToDoListTest">
    <skipped/>
  </testcase> <!-- @BeforeMethod initializeDriver -->
  <testcase name="@AfterMethod methodEnd" time="0.0" classname="com.automation.test.ToDoListTest">
    <skipped/>
  </testcase> <!-- @AfterMethod methodEnd -->
  <testcase name="@BeforeMethod initializeDriver" time="0.0" classname="com.automation.test.ToDoListTest">
    <skipped/>
  </testcase> <!-- @BeforeMethod initializeDriver -->
  <testcase name="@AfterMethod methodEnd" time="0.0" classname="com.automation.test.ToDoListTest">
    <skipped/>
  </testcase> <!-- @AfterMethod methodEnd -->
  <testcase name="@BeforeMethod initializeDriver" time="0.0" classname="com.automation.test.ToDoListTest">
    <skipped/>
  </testcase> <!-- @BeforeMethod initializeDriver -->
  <testcase name="@AfterMethod methodEnd" time="0.0" classname="com.automation.test.ToDoListTest">
    <skipped/>
  </testcase> <!-- @AfterMethod methodEnd -->
  <testcase name="@BeforeMethod initializeDriver" time="0.0" classname="com.automation.test.ToDoListTest">
    <skipped/>
  </testcase> <!-- @BeforeMethod initializeDriver -->
  <testcase name="@AfterMethod methodEnd" time="0.0" classname="com.automation.test.ToDoListTest">
    <skipped/>
  </testcase> <!-- @AfterMethod methodEnd -->
  <testcase name="addingFirstToDoList" time="0.001" classname="com.automation.test.ToDoListTest">
    <skipped/>
  </testcase> <!-- addingFirstToDoList -->
  <testcase name="addingMultiToDoList" time="0.001" classname="com.automation.test.ToDoListTest">
    <skipped/>
  </testcase> <!-- addingMultiToDoList -->
  <testcase name="verifyClearCompleteToDoList" time="0.0" classname="com.automation.test.ToDoListTest">
    <skipped/>
  </testcase> <!-- verifyClearCompleteToDoList -->
  <testcase name="verifyCompletedToDoList" time="0.0" classname="com.automation.test.ToDoListTest">
    <skipped/>
  </testcase> <!-- verifyCompletedToDoList -->
  <testcase name="verifyCompletionChanges" time="0.002" classname="com.automation.test.ToDoListTest">
    <skipped/>
  </testcase> <!-- verifyCompletionChanges -->
  <testcase name="verifyLinks" time="0.001" classname="com.automation.test.ToDoListTest">
    <skipped/>
  </testcase> <!-- verifyLinks -->
  <testcase name="verifyMultiClearCompleteToDoList" time="0.0" classname="com.automation.test.ToDoListTest">
    <skipped/>
  </testcase> <!-- verifyMultiClearCompleteToDoList -->
  <testcase name="verifyMultiCompletedToDoList" time="0.0" classname="com.automation.test.ToDoListTest">
    <skipped/>
  </testcase> <!-- verifyMultiCompletedToDoList -->
</testsuite> <!-- Default test -->
