<?xml version="1.0" encoding="UTF-8"?>
<testng-results skipped="0" failed="0" total="11" passed="11">
  <reporter-output>
  </reporter-output>
  <suite name="Test Validaton" duration-ms="246782" started-at="2022-07-23T12:58:23Z" finished-at="2022-07-23T13:02:29Z">
    <groups>
    </groups>
    <test name="ToDOLIST" duration-ms="246782" started-at="2022-07-23T12:58:23Z" finished-at="2022-07-23T13:02:29Z">
      <class name="com.automation.test.ToDoListTest">
        <test-method status="PASS" signature="initiatePrerequiste(org.testng.ITestContext)[pri:0, instance:com.automation.test.ToDoListTest@1b604f19]" name="initiatePrerequiste" is-config="true" duration-ms="1980" started-at="2022-07-23T18:28:21Z" finished-at="2022-07-23T18:28:23Z">
          <params>
            <param index="0">
              <value>
                <![CDATA[org.testng.TestRunner@9ce91fb]]>
              </value>
            </param>
          </params>
          <reporter-output>
          </reporter-output>
        </test-method> <!-- initiatePrerequiste -->
        <test-method status="PASS" signature="initializeDriver(org.testng.ITestContext)[pri:0, instance:com.automation.test.ToDoListTest@1b604f19]" name="initializeDriver" is-config="true" duration-ms="51599" started-at="2022-07-23T18:28:23Z" finished-at="2022-07-23T18:29:14Z">
          <params>
            <param index="0">
              <value>
                <![CDATA[org.testng.TestRunner@9ce91fb]]>
              </value>
            </param>
          </params>
          <reporter-output>
          </reporter-output>
        </test-method> <!-- initializeDriver -->
        <test-method status="PASS" signature="addingFirstToDoList(org.testng.ITestContext)[pri:0, instance:com.automation.test.ToDoListTest@1b604f19]" name="addingFirstToDoList" duration-ms="8054" started-at="2022-07-23T18:29:14Z" finished-at="2022-07-23T18:29:23Z">
          <params>
            <param index="0">
              <value>
                <![CDATA[org.testng.TestRunner@9ce91fb]]>
              </value>
            </param>
          </params>
          <reporter-output>
          </reporter-output>
        </test-method> <!-- addingFirstToDoList -->
        <test-method status="PASS" signature="methodEnd(org.testng.ITestResult, org.testng.ITestContext)[pri:0, instance:com.automation.test.ToDoListTest@1b604f19]" name="methodEnd" is-config="true" duration-ms="1533" started-at="2022-07-23T18:29:23Z" finished-at="2022-07-23T18:29:24Z">
          <params>
            <param index="0">
              <value>
                <![CDATA[[TestResult name=addingFirstToDoList status=SUCCESS method=ToDoListTest.addingFirstToDoList(org.testng.ITestContext)[pri:0, instance:com.automation.test.ToDoListTest@1b604f19] output={null}]]]>
              </value>
            </param>
            <param index="1">
              <value>
                <![CDATA[org.testng.TestRunner@9ce91fb]]>
              </value>
            </param>
          </params>
          <reporter-output>
          </reporter-output>
        </test-method> <!-- methodEnd -->
        <test-method status="PASS" signature="initializeDriver(org.testng.ITestContext)[pri:0, instance:com.automation.test.ToDoListTest@1b604f19]" name="initializeDriver" is-config="true" duration-ms="21817" started-at="2022-07-23T18:29:24Z" finished-at="2022-07-23T18:29:46Z">
          <params>
            <param index="0">
              <value>
                <![CDATA[org.testng.TestRunner@9ce91fb]]>
              </value>
            </param>
          </params>
          <reporter-output>
          </reporter-output>
        </test-method> <!-- initializeDriver -->
        <test-method status="PASS" signature="addingMultiToDoList(org.testng.ITestContext)[pri:0, instance:com.automation.test.ToDoListTest@1b604f19]" name="addingMultiToDoList" duration-ms="19047" started-at="2022-07-23T18:29:46Z" finished-at="2022-07-23T18:30:05Z">
          <params>
            <param index="0">
              <value>
                <![CDATA[org.testng.TestRunner@9ce91fb]]>
              </value>
            </param>
          </params>
          <reporter-output>
          </reporter-output>
        </test-method> <!-- addingMultiToDoList -->
        <test-method status="PASS" signature="methodEnd(org.testng.ITestResult, org.testng.ITestContext)[pri:0, instance:com.automation.test.ToDoListTest@1b604f19]" name="methodEnd" is-config="true" duration-ms="2400" started-at="2022-07-23T18:30:05Z" finished-at="2022-07-23T18:30:07Z">
          <params>
            <param index="0">
              <value>
                <![CDATA[[TestResult name=addingMultiToDoList status=SUCCESS method=ToDoListTest.addingMultiToDoList(org.testng.ITestContext)[pri:0, instance:com.automation.test.ToDoListTest@1b604f19] output={null}]]]>
              </value>
            </param>
            <param index="1">
              <value>
                <![CDATA[org.testng.TestRunner@9ce91fb]]>
              </value>
            </param>
          </params>
          <reporter-output>
          </reporter-output>
        </test-method> <!-- methodEnd -->
        <test-method status="PASS" signature="initializeDriver(org.testng.ITestContext)[pri:0, instance:com.automation.test.ToDoListTest@1b604f19]" name="initializeDriver" is-config="true" duration-ms="13690" started-at="2022-07-23T18:30:07Z" finished-at="2022-07-23T18:30:21Z">
          <params>
            <param index="0">
              <value>
                <![CDATA[org.testng.TestRunner@9ce91fb]]>
              </value>
            </param>
          </params>
          <reporter-output>
          </reporter-output>
        </test-method> <!-- initializeDriver -->
        <test-method status="PASS" signature="verifyClearCompleteToDoList(org.testng.ITestContext)[pri:0, instance:com.automation.test.ToDoListTest@1b604f19]" name="verifyClearCompleteToDoList" duration-ms="16150" started-at="2022-07-23T18:30:21Z" finished-at="2022-07-23T18:30:37Z">
          <params>
            <param index="0">
              <value>
                <![CDATA[org.testng.TestRunner@9ce91fb]]>
              </value>
            </param>
          </params>
          <reporter-output>
          </reporter-output>
        </test-method> <!-- verifyClearCompleteToDoList -->
        <test-method status="PASS" signature="methodEnd(org.testng.ITestResult, org.testng.ITestContext)[pri:0, instance:com.automation.test.ToDoListTest@1b604f19]" name="methodEnd" is-config="true" duration-ms="1496" started-at="2022-07-23T18:30:37Z" finished-at="2022-07-23T18:30:39Z">
          <params>
            <param index="0">
              <value>
                <![CDATA[[TestResult name=verifyClearCompleteToDoList status=SUCCESS method=ToDoListTest.verifyClearCompleteToDoList(org.testng.ITestContext)[pri:0, instance:com.automation.test.ToDoListTest@1b604f19] output={null}]]]>
              </value>
            </param>
            <param index="1">
              <value>
                <![CDATA[org.testng.TestRunner@9ce91fb]]>
              </value>
            </param>
          </params>
          <reporter-output>
          </reporter-output>
        </test-method> <!-- methodEnd -->
        <test-method status="PASS" signature="initializeDriver(org.testng.ITestContext)[pri:0, instance:com.automation.test.ToDoListTest@1b604f19]" name="initializeDriver" is-config="true" duration-ms="3317" started-at="2022-07-23T18:30:39Z" finished-at="2022-07-23T18:30:42Z">
          <params>
            <param index="0">
              <value>
                <![CDATA[org.testng.TestRunner@9ce91fb]]>
              </value>
            </param>
          </params>
          <reporter-output>
          </reporter-output>
        </test-method> <!-- initializeDriver -->
        <test-method status="PASS" signature="verifyClearCrossMarkToDoList(org.testng.ITestContext)[pri:0, instance:com.automation.test.ToDoListTest@1b604f19]" name="verifyClearCrossMarkToDoList" duration-ms="13963" started-at="2022-07-23T18:30:42Z" finished-at="2022-07-23T18:30:56Z">
          <params>
            <param index="0">
              <value>
                <![CDATA[org.testng.TestRunner@9ce91fb]]>
              </value>
            </param>
          </params>
          <reporter-output>
          </reporter-output>
        </test-method> <!-- verifyClearCrossMarkToDoList -->
        <test-method status="PASS" signature="methodEnd(org.testng.ITestResult, org.testng.ITestContext)[pri:0, instance:com.automation.test.ToDoListTest@1b604f19]" name="methodEnd" is-config="true" duration-ms="1005" started-at="2022-07-23T18:30:56Z" finished-at="2022-07-23T18:30:57Z">
          <params>
            <param index="0">
              <value>
                <![CDATA[[TestResult name=verifyClearCrossMarkToDoList status=SUCCESS method=ToDoListTest.verifyClearCrossMarkToDoList(org.testng.ITestContext)[pri:0, instance:com.automation.test.ToDoListTest@1b604f19] output={null}]]]>
              </value>
            </param>
            <param index="1">
              <value>
                <![CDATA[org.testng.TestRunner@9ce91fb]]>
              </value>
            </param>
          </params>
          <reporter-output>
          </reporter-output>
        </test-method> <!-- methodEnd -->
        <test-method status="PASS" signature="initializeDriver(org.testng.ITestContext)[pri:0, instance:com.automation.test.ToDoListTest@1b604f19]" name="initializeDriver" is-config="true" duration-ms="4991" started-at="2022-07-23T18:30:57Z" finished-at="2022-07-23T18:31:02Z">
          <params>
            <param index="0">
              <value>
                <![CDATA[org.testng.TestRunner@9ce91fb]]>
              </value>
            </param>
          </params>
          <reporter-output>
          </reporter-output>
        </test-method> <!-- initializeDriver -->
        <test-method status="PASS" signature="verifyCompletedToDoList(org.testng.ITestContext)[pri:0, instance:com.automation.test.ToDoListTest@1b604f19]" name="verifyCompletedToDoList" duration-ms="3951" started-at="2022-07-23T18:31:02Z" finished-at="2022-07-23T18:31:06Z">
          <params>
            <param index="0">
              <value>
                <![CDATA[org.testng.TestRunner@9ce91fb]]>
              </value>
            </param>
          </params>
          <reporter-output>
          </reporter-output>
        </test-method> <!-- verifyCompletedToDoList -->
        <test-method status="PASS" signature="methodEnd(org.testng.ITestResult, org.testng.ITestContext)[pri:0, instance:com.automation.test.ToDoListTest@1b604f19]" name="methodEnd" is-config="true" duration-ms="1227" started-at="2022-07-23T18:31:06Z" finished-at="2022-07-23T18:31:07Z">
          <params>
            <param index="0">
              <value>
                <![CDATA[[TestResult name=verifyCompletedToDoList status=SUCCESS method=ToDoListTest.verifyCompletedToDoList(org.testng.ITestContext)[pri:0, instance:com.automation.test.ToDoListTest@1b604f19] output={null}]]]>
              </value>
            </param>
            <param index="1">
              <value>
                <![CDATA[org.testng.TestRunner@9ce91fb]]>
              </value>
            </param>
          </params>
          <reporter-output>
          </reporter-output>
        </test-method> <!-- methodEnd -->
        <test-method status="PASS" signature="initializeDriver(org.testng.ITestContext)[pri:0, instance:com.automation.test.ToDoListTest@1b604f19]" name="initializeDriver" is-config="true" duration-ms="4325" started-at="2022-07-23T18:31:07Z" finished-at="2022-07-23T18:31:11Z">
          <params>
            <param index="0">
              <value>
                <![CDATA[org.testng.TestRunner@9ce91fb]]>
              </value>
            </param>
          </params>
          <reporter-output>
          </reporter-output>
        </test-method> <!-- initializeDriver -->
        <test-method status="PASS" signature="verifyCompletionChanges(org.testng.ITestContext)[pri:0, instance:com.automation.test.ToDoListTest@1b604f19]" name="verifyCompletionChanges" duration-ms="14100" started-at="2022-07-23T18:31:11Z" finished-at="2022-07-23T18:31:26Z">
          <params>
            <param index="0">
              <value>
                <![CDATA[org.testng.TestRunner@9ce91fb]]>
              </value>
            </param>
          </params>
          <reporter-output>
          </reporter-output>
        </test-method> <!-- verifyCompletionChanges -->
        <test-method status="PASS" signature="methodEnd(org.testng.ITestResult, org.testng.ITestContext)[pri:0, instance:com.automation.test.ToDoListTest@1b604f19]" name="methodEnd" is-config="true" duration-ms="1017" started-at="2022-07-23T18:31:26Z" finished-at="2022-07-23T18:31:27Z">
          <params>
            <param index="0">
              <value>
                <![CDATA[[TestResult name=verifyCompletionChanges status=SUCCESS method=ToDoListTest.verifyCompletionChanges(org.testng.ITestContext)[pri:0, instance:com.automation.test.ToDoListTest@1b604f19] output={null}]]]>
              </value>
            </param>
            <param index="1">
              <value>
                <![CDATA[org.testng.TestRunner@9ce91fb]]>
              </value>
            </param>
          </params>
          <reporter-output>
          </reporter-output>
        </test-method> <!-- methodEnd -->
        <test-method status="PASS" signature="initializeDriver(org.testng.ITestContext)[pri:0, instance:com.automation.test.ToDoListTest@1b604f19]" name="initializeDriver" is-config="true" duration-ms="4671" started-at="2022-07-23T18:31:27Z" finished-at="2022-07-23T18:31:31Z">
          <params>
            <param index="0">
              <value>
                <![CDATA[org.testng.TestRunner@9ce91fb]]>
              </value>
            </param>
          </params>
          <reporter-output>
          </reporter-output>
        </test-method> <!-- initializeDriver -->
        <test-method status="PASS" signature="verifyCompletionCount(org.testng.ITestContext)[pri:0, instance:com.automation.test.ToDoListTest@1b604f19]" name="verifyCompletionCount" duration-ms="7022" started-at="2022-07-23T18:31:31Z" finished-at="2022-07-23T18:31:38Z">
          <params>
            <param index="0">
              <value>
                <![CDATA[org.testng.TestRunner@9ce91fb]]>
              </value>
            </param>
          </params>
          <reporter-output>
          </reporter-output>
        </test-method> <!-- verifyCompletionCount -->
        <test-method status="PASS" signature="methodEnd(org.testng.ITestResult, org.testng.ITestContext)[pri:0, instance:com.automation.test.ToDoListTest@1b604f19]" name="methodEnd" is-config="true" duration-ms="768" started-at="2022-07-23T18:31:38Z" finished-at="2022-07-23T18:31:39Z">
          <params>
            <param index="0">
              <value>
                <![CDATA[[TestResult name=verifyCompletionCount status=SUCCESS method=ToDoListTest.verifyCompletionCount(org.testng.ITestContext)[pri:0, instance:com.automation.test.ToDoListTest@1b604f19] output={null}]]]>
              </value>
            </param>
            <param index="1">
              <value>
                <![CDATA[org.testng.TestRunner@9ce91fb]]>
              </value>
            </param>
          </params>
          <reporter-output>
          </reporter-output>
        </test-method> <!-- methodEnd -->
        <test-method status="PASS" signature="initializeDriver(org.testng.ITestContext)[pri:0, instance:com.automation.test.ToDoListTest@1b604f19]" name="initializeDriver" is-config="true" duration-ms="4647" started-at="2022-07-23T18:31:39Z" finished-at="2022-07-23T18:31:44Z">
          <params>
            <param index="0">
              <value>
                <![CDATA[org.testng.TestRunner@9ce91fb]]>
              </value>
            </param>
          </params>
          <reporter-output>
          </reporter-output>
        </test-method> <!-- initializeDriver -->
        <test-method status="PASS" signature="verifyEditFunction(org.testng.ITestContext)[pri:0, instance:com.automation.test.ToDoListTest@1b604f19]" name="verifyEditFunction" duration-ms="4618" started-at="2022-07-23T18:31:44Z" finished-at="2022-07-23T18:31:48Z">
          <params>
            <param index="0">
              <value>
                <![CDATA[org.testng.TestRunner@9ce91fb]]>
              </value>
            </param>
          </params>
          <reporter-output>
          </reporter-output>
        </test-method> <!-- verifyEditFunction -->
        <test-method status="PASS" signature="methodEnd(org.testng.ITestResult, org.testng.ITestContext)[pri:0, instance:com.automation.test.ToDoListTest@1b604f19]" name="methodEnd" is-config="true" duration-ms="848" started-at="2022-07-23T18:31:48Z" finished-at="2022-07-23T18:31:49Z">
          <params>
            <param index="0">
              <value>
                <![CDATA[[TestResult name=verifyEditFunction status=SUCCESS method=ToDoListTest.verifyEditFunction(org.testng.ITestContext)[pri:0, instance:com.automation.test.ToDoListTest@1b604f19] output={null}]]]>
              </value>
            </param>
            <param index="1">
              <value>
                <![CDATA[org.testng.TestRunner@9ce91fb]]>
              </value>
            </param>
          </params>
          <reporter-output>
          </reporter-output>
        </test-method> <!-- methodEnd -->
        <test-method status="PASS" signature="initializeDriver(org.testng.ITestContext)[pri:0, instance:com.automation.test.ToDoListTest@1b604f19]" name="initializeDriver" is-config="true" duration-ms="4486" started-at="2022-07-23T18:31:49Z" finished-at="2022-07-23T18:31:54Z">
          <params>
            <param index="0">
              <value>
                <![CDATA[org.testng.TestRunner@9ce91fb]]>
              </value>
            </param>
          </params>
          <reporter-output>
          </reporter-output>
        </test-method> <!-- initializeDriver -->
        <test-method status="PASS" signature="verifyLinks(org.testng.ITestContext)[pri:0, instance:com.automation.test.ToDoListTest@1b604f19]" name="verifyLinks" duration-ms="4193" started-at="2022-07-23T18:31:54Z" finished-at="2022-07-23T18:31:58Z">
          <params>
            <param index="0">
              <value>
                <![CDATA[org.testng.TestRunner@9ce91fb]]>
              </value>
            </param>
          </params>
          <reporter-output>
          </reporter-output>
        </test-method> <!-- verifyLinks -->
        <test-method status="PASS" signature="methodEnd(org.testng.ITestResult, org.testng.ITestContext)[pri:0, instance:com.automation.test.ToDoListTest@1b604f19]" name="methodEnd" is-config="true" duration-ms="1113" started-at="2022-07-23T18:31:58Z" finished-at="2022-07-23T18:31:59Z">
          <params>
            <param index="0">
              <value>
                <![CDATA[[TestResult name=verifyLinks status=SUCCESS method=ToDoListTest.verifyLinks(org.testng.ITestContext)[pri:0, instance:com.automation.test.ToDoListTest@1b604f19] output={null}]]]>
              </value>
            </param>
            <param index="1">
              <value>
                <![CDATA[org.testng.TestRunner@9ce91fb]]>
              </value>
            </param>
          </params>
          <reporter-output>
          </reporter-output>
        </test-method> <!-- methodEnd -->
        <test-method status="PASS" signature="initializeDriver(org.testng.ITestContext)[pri:0, instance:com.automation.test.ToDoListTest@1b604f19]" name="initializeDriver" is-config="true" duration-ms="5165" started-at="2022-07-23T18:31:59Z" finished-at="2022-07-23T18:32:04Z">
          <params>
            <param index="0">
              <value>
                <![CDATA[org.testng.TestRunner@9ce91fb]]>
              </value>
            </param>
          </params>
          <reporter-output>
          </reporter-output>
        </test-method> <!-- initializeDriver -->
        <test-method status="PASS" signature="verifyMultiClearCompleteToDoList(org.testng.ITestContext)[pri:0, instance:com.automation.test.ToDoListTest@1b604f19]" name="verifyMultiClearCompleteToDoList" duration-ms="14331" started-at="2022-07-23T18:32:04Z" finished-at="2022-07-23T18:32:18Z">
          <params>
            <param index="0">
              <value>
                <![CDATA[org.testng.TestRunner@9ce91fb]]>
              </value>
            </param>
          </params>
          <reporter-output>
          </reporter-output>
        </test-method> <!-- verifyMultiClearCompleteToDoList -->
        <test-method status="PASS" signature="methodEnd(org.testng.ITestResult, org.testng.ITestContext)[pri:0, instance:com.automation.test.ToDoListTest@1b604f19]" name="methodEnd" is-config="true" duration-ms="1226" started-at="2022-07-23T18:32:18Z" finished-at="2022-07-23T18:32:20Z">
          <params>
            <param index="0">
              <value>
                <![CDATA[[TestResult name=verifyMultiClearCompleteToDoList status=SUCCESS method=ToDoListTest.verifyMultiClearCompleteToDoList(org.testng.ITestContext)[pri:0, instance:com.automation.test.ToDoListTest@1b604f19] output={null}]]]>
              </value>
            </param>
            <param index="1">
              <value>
                <![CDATA[org.testng.TestRunner@9ce91fb]]>
              </value>
            </param>
          </params>
          <reporter-output>
          </reporter-output>
        </test-method> <!-- methodEnd -->
        <test-method status="PASS" signature="initializeDriver(org.testng.ITestContext)[pri:0, instance:com.automation.test.ToDoListTest@1b604f19]" name="initializeDriver" is-config="true" duration-ms="4691" started-at="2022-07-23T18:32:20Z" finished-at="2022-07-23T18:32:24Z">
          <params>
            <param index="0">
              <value>
                <![CDATA[org.testng.TestRunner@9ce91fb]]>
              </value>
            </param>
          </params>
          <reporter-output>
          </reporter-output>
        </test-method> <!-- initializeDriver -->
        <test-method status="PASS" signature="verifyMultiCompletedToDoList(org.testng.ITestContext)[pri:0, instance:com.automation.test.ToDoListTest@1b604f19]" name="verifyMultiCompletedToDoList" duration-ms="4111" started-at="2022-07-23T18:32:24Z" finished-at="2022-07-23T18:32:28Z">
          <params>
            <param index="0">
              <value>
                <![CDATA[org.testng.TestRunner@9ce91fb]]>
              </value>
            </param>
          </params>
          <reporter-output>
          </reporter-output>
        </test-method> <!-- verifyMultiCompletedToDoList -->
        <test-method status="PASS" signature="methodEnd(org.testng.ITestResult, org.testng.ITestContext)[pri:0, instance:com.automation.test.ToDoListTest@1b604f19]" name="methodEnd" is-config="true" duration-ms="836" started-at="2022-07-23T18:32:28Z" finished-at="2022-07-23T18:32:29Z">
          <params>
            <param index="0">
              <value>
                <![CDATA[[TestResult name=verifyMultiCompletedToDoList status=SUCCESS method=ToDoListTest.verifyMultiCompletedToDoList(org.testng.ITestContext)[pri:0, instance:com.automation.test.ToDoListTest@1b604f19] output={null}]]]>
              </value>
            </param>
            <param index="1">
              <value>
                <![CDATA[org.testng.TestRunner@9ce91fb]]>
              </value>
            </param>
          </params>
          <reporter-output>
          </reporter-output>
        </test-method> <!-- methodEnd -->
        <test-method status="PASS" signature="closeAll()[pri:0, instance:com.automation.test.ToDoListTest@1b604f19]" name="closeAll" is-config="true" duration-ms="937" started-at="2022-07-23T18:32:31Z" finished-at="2022-07-23T18:32:32Z">
          <reporter-output>
          </reporter-output>
        </test-method> <!-- closeAll -->
      </class> <!-- com.automation.test.ToDoListTest -->
    </test> <!-- ToDOLIST -->
  </suite> <!-- Test Validaton -->
</testng-results>
